130 ms
25 ms
26 ms
15 ms
15 ms
15 ms
24 ms
29 ms
24 ms
51 ms
16 ms
13 ms
27 ms
13 ms
22 ms
26 ms
26 ms
29 ms
14 ms
16 ms
14 ms
12 ms
12 ms
26 ms
11 ms
23 ms
14 ms
14 ms
13 ms
26 ms
17 ms
13 ms
12 ms
14 ms
14 ms
14 ms
12 ms
11 ms
13 ms
14 ms
13 ms
15 ms
26 ms
21 ms
13 ms
13 ms
46 ms
14 ms
14 ms
15 ms
23 ms
23 ms
16 ms
12 ms
14 ms
12 ms
12 ms
25 ms
12 ms
13 ms
66 ms
22 ms
19 ms
23 ms
24 ms
26 ms
21 ms
19 ms
21 ms
14 ms
23 ms
21 ms
19 ms
26 ms
11 ms
23 ms
16 ms
12 ms
12 ms
22 ms
12 ms
14 ms
13 ms
23 ms
22 ms
15 ms
15 ms
13 ms
13 ms
14 ms
60 ms
17 ms
13 ms
12 ms
13 ms
14 ms
12 ms
13 ms
15 ms
12 ms
14 ms
12 ms
13 ms
13 ms
11 ms
13 ms
12 ms
13 ms
17 ms
12 ms
11 ms
23 ms
13 ms
12 ms
13 ms
13 ms
