137 ms
23 ms
17 ms
15 ms
12 ms
22 ms
17 ms
19 ms
12 ms
19 ms
13 ms
12 ms
13 ms
18 ms
21 ms
11 ms
23 ms
23 ms
12 ms
16 ms
14 ms
22 ms
22 ms
12 ms
12 ms
22 ms
14 ms
18 ms
18 ms
14 ms
13 ms
14 ms
19 ms
13 ms
14 ms
14 ms
14 ms
13 ms
17 ms
13 ms
13 ms
15 ms
16 ms
20 ms
19 ms
14 ms
13 ms
12 ms
12 ms
14 ms
14 ms
13 ms
15 ms
15 ms
14 ms
14 ms
12 ms
14 ms
15 ms
14 ms
17 ms
12 ms
15 ms
16 ms
16 ms
21 ms
14 ms
12 ms
13 ms
17 ms
15 ms
12 ms
11 ms
15 ms
12 ms
15 ms
23 ms
12 ms
15 ms
21 ms
13 ms
13 ms
12 ms
23 ms
15 ms
15 ms
61 ms
18 ms
18 ms
21 ms
12 ms
18 ms
13 ms
17 ms
13 ms
18 ms
19 ms
18 ms
16 ms
12 ms
18 ms
21 ms
19 ms
17 ms
13 ms
12 ms
13 ms
12 ms
13 ms
19 ms
12 ms
12 ms
11 ms
18 ms
19 ms
13 ms
12 ms
13 ms
12 ms
19 ms
12 ms
12 ms
13 ms
13 ms
12 ms
13 ms
13 ms
17 ms
20 ms
22 ms
20 ms
32 ms
17 ms
11 ms
11 ms
12 ms
11 ms
12 ms
13 ms
14 ms
16 ms
13 ms
11 ms
13 ms
12 ms
11 ms
59 ms
26 ms
18 ms
19 ms
20 ms
19 ms
18 ms
18 ms
18 ms
13 ms
11 ms
13 ms
18 ms
12 ms
19 ms
20 ms
17 ms
17 ms
17 ms
19 ms
20 ms
13 ms
17 ms
12 ms
12 ms
12 ms
12 ms
12 ms
11 ms
13 ms
13 ms
17 ms
13 ms
17 ms
13 ms
14 ms
11 ms
12 ms
12 ms
12 ms
17 ms
12 ms
12 ms
11 ms
12 ms
13 ms
13 ms
14 ms
14 ms
14 ms
21 ms
15 ms
11 ms
14 ms
11 ms
19 ms
12 ms
12 ms
12 ms
58 ms
12 ms
14 ms
16 ms
15 ms
13 ms
14 ms
15 ms
11 ms
12 ms
14 ms
18 ms
13 ms
14 ms
14 ms
15 ms
12 ms
13 ms
14 ms
14 ms
13 ms
14 ms
12 ms
14 ms
12 ms
13 ms
15 ms
14 ms
12 ms
15 ms
15 ms
13 ms
14 ms
15 ms
17 ms
15 ms
65 ms
51 ms
