119 ms
18 ms
19 ms
16 ms
16 ms
13 ms
16 ms
19 ms
15 ms
19 ms
19 ms
19 ms
19 ms
25 ms
38 ms
17 ms
19 ms
20 ms
15 ms
63 ms
19 ms
21 ms
13 ms
19 ms
19 ms
13 ms
18 ms
18 ms
19 ms
12 ms
18 ms
18 ms
17 ms
11 ms
12 ms
20 ms
12 ms
13 ms
18 ms
15 ms
12 ms
18 ms
23 ms
21 ms
15 ms
13 ms
12 ms
18 ms
16 ms
11 ms
18 ms
12 ms
12 ms
19 ms
13 ms
13 ms
21 ms
12 ms
12 ms
18 ms
15 ms
12 ms
15 ms
14 ms
17 ms
19 ms
13 ms
14 ms
12 ms
12 ms
12 ms
13 ms
12 ms
14 ms
12 ms
16 ms
20 ms
12 ms
17 ms
57 ms
22 ms
12 ms
14 ms
15 ms
14 ms
15 ms
16 ms
20 ms
14 ms
13 ms
15 ms
14 ms
16 ms
15 ms
14 ms
12 ms
20 ms
12 ms
16 ms
13 ms
15 ms
12 ms
12 ms
14 ms
14 ms
14 ms
14 ms
14 ms
12 ms
14 ms
14 ms
12 ms
12 ms
14 ms
