117 ms
21 ms
19 ms
20 ms
13 ms
22 ms
12 ms
13 ms
20 ms
18 ms
13 ms
20 ms
14 ms
14 ms
13 ms
13 ms
21 ms
13 ms
20 ms
43 ms
13 ms
12 ms
14 ms
18 ms
18 ms
12 ms
18 ms
13 ms
16 ms
13 ms
20 ms
13 ms
19 ms
12 ms
13 ms
20 ms
12 ms
12 ms
12 ms
19 ms
15 ms
69 ms
26 ms
55 ms
35 ms
22 ms
34 ms
22 ms
23 ms
13 ms
24 ms
12 ms
13 ms
36 ms
25 ms
13 ms
27 ms
24 ms
23 ms
14 ms
25 ms
12 ms
75 ms
29 ms
42 ms
64 ms
52 ms
30 ms
28 ms
26 ms
17 ms
26 ms
18 ms
35 ms
50 ms
23 ms
31 ms
25 ms
22 ms
16 ms
14 ms
18 ms
89 ms
36 ms
33 ms
29 ms
16 ms
17 ms
24 ms
18 ms
25 ms
16 ms
26 ms
16 ms
17 ms
17 ms
15 ms
26 ms
20 ms
53 ms
61 ms
20 ms
18 ms
19 ms
62 ms
71 ms
35 ms
21 ms
20 ms
18 ms
13 ms
22 ms
12 ms
20 ms
20 ms
12 ms
19 ms
15 ms
12 ms
14 ms
19 ms
12 ms
12 ms
19 ms
66 ms
55 ms
21 ms
24 ms
14 ms
24 ms
19 ms
31 ms
18 ms
14 ms
15 ms
12 ms
16 ms
11 ms
16 ms
14 ms
14 ms
12 ms
25 ms
12 ms
14 ms
11 ms
15 ms
11 ms
20 ms
13 ms
14 ms
13 ms
14 ms
14 ms
12 ms
14 ms
15 ms
12 ms
12 ms
61 ms
16 ms
16 ms
13 ms
18 ms
18 ms
17 ms
18 ms
29 ms
19 ms
15 ms
17 ms
15 ms
16 ms
14 ms
15 ms
26 ms
18 ms
17 ms
16 ms
19 ms
18 ms
17 ms
21 ms
